<?xml version="1.0" encoding="UTF-8"?>
<testsuite xmlns:xsi="http://www.w3.org/2001/XMLSchema-instance" xsi:noNamespaceSchemaLocation="https://maven.apache.org/surefire/maven-surefire-plugin/xsd/surefire-test-report-3.0.xsd" version="3.0" name="TestSuite" time="3.497" tests="3" errors="0" skipped="2" failures="1">
  <properties>
    <property name="sun.desktop" value="windows"/>
    <property name="awt.toolkit" value="sun.awt.windows.WToolkit"/>
    <property name="file.encoding.pkg" value="sun.io"/>
    <property name="java.specification.version" value="1.8"/>
    <property name="webdriver.chrome.driver" value="src/chromedriver.exe"/>
    <property name="sun.cpu.isalist" value="amd64"/>
    <property name="sun.jnu.encoding" value="Cp1251"/>
    <property name="java.class.path" value="C:\Users\Beliar\TestProject\target\test-classes;C:\Users\Beliar\TestProject\target\classes;C:\Users\Beliar\.m2\repository\org\seleniumhq\selenium\selenium-java\3.141.59\selenium-java-3.141.59.jar;C:\Users\Beliar\.m2\repository\org\seleniumhq\selenium\selenium-api\3.141.59\selenium-api-3.141.59.jar;C:\Users\Beliar\.m2\repository\org\seleniumhq\selenium\selenium-chrome-driver\3.141.59\selenium-chrome-driver-3.141.59.jar;C:\Users\Beliar\.m2\repository\org\seleniumhq\selenium\selenium-edge-driver\3.141.59\selenium-edge-driver-3.141.59.jar;C:\Users\Beliar\.m2\repository\org\seleniumhq\selenium\selenium-firefox-driver\3.141.59\selenium-firefox-driver-3.141.59.jar;C:\Users\Beliar\.m2\repository\org\seleniumhq\selenium\selenium-ie-driver\3.141.59\selenium-ie-driver-3.141.59.jar;C:\Users\Beliar\.m2\repository\org\seleniumhq\selenium\selenium-opera-driver\3.141.59\selenium-opera-driver-3.141.59.jar;C:\Users\Beliar\.m2\repository\org\seleniumhq\selenium\selenium-remote-driver\3.141.59\selenium-remote-driver-3.141.59.jar;C:\Users\Beliar\.m2\repository\org\seleniumhq\selenium\selenium-safari-driver\3.141.59\selenium-safari-driver-3.141.59.jar;C:\Users\Beliar\.m2\repository\org\seleniumhq\selenium\selenium-support\3.141.59\selenium-support-3.141.59.jar;C:\Users\Beliar\.m2\repository\net\bytebuddy\byte-buddy\1.8.15\byte-buddy-1.8.15.jar;C:\Users\Beliar\.m2\repository\org\apache\commons\commons-exec\1.3\commons-exec-1.3.jar;C:\Users\Beliar\.m2\repository\com\google\guava\guava\25.0-jre\guava-25.0-jre.jar;C:\Users\Beliar\.m2\repository\com\google\code\findbugs\jsr305\1.3.9\jsr305-1.3.9.jar;C:\Users\Beliar\.m2\repository\org\checkerframework\checker-compat-qual\2.0.0\checker-compat-qual-2.0.0.jar;C:\Users\Beliar\.m2\repository\com\google\errorprone\error_prone_annotations\2.1.3\error_prone_annotations-2.1.3.jar;C:\Users\Beliar\.m2\repository\com\google\j2objc\j2objc-annotations\1.1\j2objc-annotations-1.1.jar;C:\Users\Beliar\.m2\repository\org\codehaus\mojo\animal-sniffer-annotations\1.14\animal-sniffer-annotations-1.14.jar;C:\Users\Beliar\.m2\repository\com\squareup\okhttp3\okhttp\3.11.0\okhttp-3.11.0.jar;C:\Users\Beliar\.m2\repository\com\squareup\okio\okio\1.14.0\okio-1.14.0.jar;C:\Users\Beliar\.m2\repository\org\testng\testng\7.1.0\testng-7.1.0.jar;C:\Users\Beliar\.m2\repository\com\beust\jcommander\1.72\jcommander-1.72.jar;C:\Users\Beliar\.m2\repository\com\google\inject\guice\4.1.0\guice-4.1.0-no_aop.jar;C:\Users\Beliar\.m2\repository\javax\inject\javax.inject\1\javax.inject-1.jar;C:\Users\Beliar\.m2\repository\aopalliance\aopalliance\1.0\aopalliance-1.0.jar;C:\Users\Beliar\.m2\repository\org\yaml\snakeyaml\1.21\snakeyaml-1.21.jar;"/>
    <property name="java.vm.vendor" value="Oracle Corporation"/>
    <property name="sun.arch.data.model" value="64"/>
    <property name="user.variant" value=""/>
    <property name="java.vendor.url" value="http://java.oracle.com/"/>
    <property name="user.timezone" value="Europe/Helsinki"/>
    <property name="user.country.format" value="UA"/>
    <property name="java.vm.specification.version" value="1.8"/>
    <property name="os.name" value="Windows 10"/>
    <property name="user.country" value="RU"/>
    <property name="sun.java.launcher" value="SUN_STANDARD"/>
    <property name="sun.boot.library.path" value="C:\Program Files\Java\jdk1.8.0_251\jre\bin"/>
    <property name="sun.java.command" value="C:\Users\Beliar\AppData\Local\Temp\surefire1520070069959144969\surefirebooter214067043976441575.jar C:\Users\Beliar\AppData\Local\Temp\surefire1520070069959144969 2021-03-11T18-20-43_136-jvmRun1 surefire7573825814022862790tmp surefire_03304812782696251973tmp"/>
    <property name="surefire.test.class.path" value="C:\Users\Beliar\TestProject\target\test-classes;C:\Users\Beliar\TestProject\target\classes;C:\Users\Beliar\.m2\repository\org\seleniumhq\selenium\selenium-java\3.141.59\selenium-java-3.141.59.jar;C:\Users\Beliar\.m2\repository\org\seleniumhq\selenium\selenium-api\3.141.59\selenium-api-3.141.59.jar;C:\Users\Beliar\.m2\repository\org\seleniumhq\selenium\selenium-chrome-driver\3.141.59\selenium-chrome-driver-3.141.59.jar;C:\Users\Beliar\.m2\repository\org\seleniumhq\selenium\selenium-edge-driver\3.141.59\selenium-edge-driver-3.141.59.jar;C:\Users\Beliar\.m2\repository\org\seleniumhq\selenium\selenium-firefox-driver\3.141.59\selenium-firefox-driver-3.141.59.jar;C:\Users\Beliar\.m2\repository\org\seleniumhq\selenium\selenium-ie-driver\3.141.59\selenium-ie-driver-3.141.59.jar;C:\Users\Beliar\.m2\repository\org\seleniumhq\selenium\selenium-opera-driver\3.141.59\selenium-opera-driver-3.141.59.jar;C:\Users\Beliar\.m2\repository\org\seleniumhq\selenium\selenium-remote-driver\3.141.59\selenium-remote-driver-3.141.59.jar;C:\Users\Beliar\.m2\repository\org\seleniumhq\selenium\selenium-safari-driver\3.141.59\selenium-safari-driver-3.141.59.jar;C:\Users\Beliar\.m2\repository\org\seleniumhq\selenium\selenium-support\3.141.59\selenium-support-3.141.59.jar;C:\Users\Beliar\.m2\repository\net\bytebuddy\byte-buddy\1.8.15\byte-buddy-1.8.15.jar;C:\Users\Beliar\.m2\repository\org\apache\commons\commons-exec\1.3\commons-exec-1.3.jar;C:\Users\Beliar\.m2\repository\com\google\guava\guava\25.0-jre\guava-25.0-jre.jar;C:\Users\Beliar\.m2\repository\com\google\code\findbugs\jsr305\1.3.9\jsr305-1.3.9.jar;C:\Users\Beliar\.m2\repository\org\checkerframework\checker-compat-qual\2.0.0\checker-compat-qual-2.0.0.jar;C:\Users\Beliar\.m2\repository\com\google\errorprone\error_prone_annotations\2.1.3\error_prone_annotations-2.1.3.jar;C:\Users\Beliar\.m2\repository\com\google\j2objc\j2objc-annotations\1.1\j2objc-annotations-1.1.jar;C:\Users\Beliar\.m2\repository\org\codehaus\mojo\animal-sniffer-annotations\1.14\animal-sniffer-annotations-1.14.jar;C:\Users\Beliar\.m2\repository\com\squareup\okhttp3\okhttp\3.11.0\okhttp-3.11.0.jar;C:\Users\Beliar\.m2\repository\com\squareup\okio\okio\1.14.0\okio-1.14.0.jar;C:\Users\Beliar\.m2\repository\org\testng\testng\7.1.0\testng-7.1.0.jar;C:\Users\Beliar\.m2\repository\com\beust\jcommander\1.72\jcommander-1.72.jar;C:\Users\Beliar\.m2\repository\com\google\inject\guice\4.1.0\guice-4.1.0-no_aop.jar;C:\Users\Beliar\.m2\repository\javax\inject\javax.inject\1\javax.inject-1.jar;C:\Users\Beliar\.m2\repository\aopalliance\aopalliance\1.0\aopalliance-1.0.jar;C:\Users\Beliar\.m2\repository\org\yaml\snakeyaml\1.21\snakeyaml-1.21.jar;"/>
    <property name="sun.cpu.endian" value="little"/>
    <property name="user.home" value="C:\Users\Beliar"/>
    <property name="user.language" value="ru"/>
    <property name="java.specification.vendor" value="Oracle Corporation"/>
    <property name="java.home" value="C:\Program Files\Java\jdk1.8.0_251\jre"/>
    <property name="basedir" value="C:\Users\Beliar\TestProject"/>
    <property name="file.separator" value="\"/>
    <property name="line.separator" value="&#10;"/>
    <property name="java.vm.specification.vendor" value="Oracle Corporation"/>
    <property name="java.specification.name" value="Java Platform API Specification"/>
    <property name="java.awt.graphicsenv" value="sun.awt.Win32GraphicsEnvironment"/>
    <property name="surefire.real.class.path" value="C:\Users\Beliar\AppData\Local\Temp\surefire1520070069959144969\surefirebooter214067043976441575.jar"/>
    <property name="sun.boot.class.path" value="C:\Program Files\Java\jdk1.8.0_251\jre\lib\resources.jar;C:\Program Files\Java\jdk1.8.0_251\jre\lib\rt.jar;C:\Program Files\Java\jdk1.8.0_251\jre\lib\sunrsasign.jar;C:\Program Files\Java\jdk1.8.0_251\jre\lib\jsse.jar;C:\Program Files\Java\jdk1.8.0_251\jre\lib\jce.jar;C:\Program Files\Java\jdk1.8.0_251\jre\lib\charsets.jar;C:\Program Files\Java\jdk1.8.0_251\jre\lib\jfr.jar;C:\Program Files\Java\jdk1.8.0_251\jre\classes"/>
    <property name="user.script" value=""/>
    <property name="sun.management.compiler" value="HotSpot 64-Bit Tiered Compilers"/>
    <property name="java.runtime.version" value="1.8.0_251-b08"/>
    <property name="user.name" value="Beliar"/>
    <property name="path.separator" value=";"/>
    <property name="os.version" value="10.0"/>
    <property name="java.endorsed.dirs" value="C:\Program Files\Java\jdk1.8.0_251\jre\lib\endorsed"/>
    <property name="java.runtime.name" value="Java(TM) SE Runtime Environment"/>
    <property name="file.encoding" value="Cp1251"/>
    <property name="java.vm.name" value="Java HotSpot(TM) 64-Bit Server VM"/>
    <property name="localRepository" value="C:\Users\Beliar\.m2\repository"/>
    <property name="java.vendor.url.bug" value="http://bugreport.sun.com/bugreport/"/>
    <property name="java.io.tmpdir" value="C:\Users\Beliar\AppData\Local\Temp\"/>
    <property name="java.version" value="1.8.0_251"/>
    <property name="user.dir" value="C:\Users\Beliar\TestProject"/>
    <property name="os.arch" value="amd64"/>
    <property name="groups" value="All"/>
    <property name="java.vm.specification.name" value="Java Virtual Machine Specification"/>
    <property name="java.awt.printerjob" value="sun.awt.windows.WPrinterJob"/>
    <property name="url" value="http://computer-database.gatling.io/computers"/>
    <property name="sun.os.patch.level" value=""/>
    <property name="java.library.path" value="C:\Program Files\Java\jdk1.8.0_251\jre\bin;C:\Windows\Sun\Java\bin;C:\Windows\system32;C:\Windows;C:\Program Files (x86)\Common Files\Oracle\Java\javapath;D:\SQL\dbhomeXE\bin;C:\Windows\system32;C:\Windows;C:\Windows\System32\Wbem;C:\Windows\System32\WindowsPowerShell\v1.0\;C:\Windows\System32\OpenSSH\;C:\Program Files (x86)\NVIDIA Corporation\PhysX\Common;C:\Program Files\Java\jdk1.8.0_251\bin;C:\Program Files\apache-maven-3.6.3\bin;C:\Program Files (x86)\mingw-w64\i686-8.1.0-posix-dwarf-rt_v6-rev0\mingw32\bin;D:\driver;C:\Program Files\Git\cmd;C:\Program Files\TortoiseGit\bin;C:\Program Files (x86)\Yarn\bin\;D:\gradle\bin;D:\Varange\bin;D:\appiumAutomation\androidSDK\emulator;D:\appiumAutomation\androidSDK\platform-tools;D:\appiumAutomation\androidSDK\tools;D:\appiumAutomation\androidSDK\tools\bin;C:\Program Files\nodejs\;C:\Users\Beliar\AppData\Local\Programs\Python\Python39\Scripts\;C:\Users\Beliar\AppData\Local\Programs\Python\Python39\;C:\Users\Beliar\python\Scripts\;C:\Users\Beliar\python\;C:\Users\Beliar\AppData\Local\Microsoft\WindowsApps;;C:\Users\Beliar\AppData\Local\Yarn\bin;C:\Users\Beliar\AppData\Roaming\npm;."/>
    <property name="java.vm.info" value="mixed mode"/>
    <property name="java.vendor" value="Oracle Corporation"/>
    <property name="java.vm.version" value="25.251-b08"/>
    <property name="java.ext.dirs" value="C:\Program Files\Java\jdk1.8.0_251\jre\lib\ext;C:\Windows\Sun\Java\lib\ext"/>
    <property name="sun.io.unicode.encoding" value="UnicodeLittle"/>
    <property name="java.class.version" value="52.0"/>
  </properties>
  <testcase name="SetUp" classname="Tests.ComputerTest" time="3.492">
    <failure message="session not created: This version of ChromeDriver only supports Chrome version 89&#10;Current browser version is 88.0.4324.190 with binary path C:\Program Files (x86)\Google\Chrome\Application\chrome.exe&#10;Build info: version: &apos;3.141.59&apos;, revision: &apos;e82be7d358&apos;, time: &apos;2018-11-14T08:17:03&apos;&#10;System info: host: &apos;DESKTOP-GFJUSGU&apos;, ip: &apos;192.168.10.1&apos;, os.name: &apos;Windows 10&apos;, os.arch: &apos;amd64&apos;, os.version: &apos;10.0&apos;, java.version: &apos;1.8.0_251&apos;&#10;Driver info: driver.version: ChromeDriver&#10;remote stacktrace: Backtrace:&#10;	Ordinal0 [0x00F8E7D3+124883]&#10;	Ordinal0 [0x00F8E7B1+124849]&#10;	GetHandleVerifier [0x011D8688+193832]&#10;	GetHandleVerifier [0x011F3AC5+305509]&#10;	GetHandleVerifier [0x011F021B+291003]&#10;	GetHandleVerifier [0x011EE0AC+282444]&#10;	GetHandleVerifier [0x01214A90+440624]&#10;	GetHandleVerifier [0x012147FC+439964]&#10;	GetHandleVerifier [0x0121154B+426987]&#10;	GetHandleVerifier [0x011F4FFD+310941]&#10;	GetHandleVerifier [0x011F5D8E+314414]&#10;	GetHandleVerifier [0x011F5D19+314297]&#10;	GetHandleVerifier [0x012B31EC+1089676]&#10;	GetHandleVerifier [0x012B17C9+1082985]&#10;	GetHandleVerifier [0x012B13A3+1081923]&#10;	GetHandleVerifier [0x013AD9FD+2115741]&#10;	Ordinal0 [0x010DB82E+1488942]&#10;	Ordinal0 [0x01075A7D+1071741]&#10;	Ordinal0 [0x0107559B+1070491]&#10;	Ordinal0 [0x010754B1+1070257]&#10;	Ordinal0 [0x010AFF53+1310547]&#10;	BaseThreadInitThunk [0x775A6359+25]&#10;	RtlGetAppContainerNamedObjectPath [0x77818944+228]&#10;	RtlGetAppContainerNamedObjectPath [0x77818914+180]&#10;" type="org.openqa.selenium.SessionNotCreatedException"><![CDATA[org.openqa.selenium.SessionNotCreatedException: 
session not created: This version of ChromeDriver only supports Chrome version 89
Current browser version is 88.0.4324.190 with binary path C:\Program Files (x86)\Google\Chrome\Application\chrome.exe
Build info: version: '3.141.59', revision: 'e82be7d358', time: '2018-11-14T08:17:03'
System info: host: 'DESKTOP-GFJUSGU', ip: '192.168.10.1', os.name: 'Windows 10', os.arch: 'amd64', os.version: '10.0', java.version: '1.8.0_251'
Driver info: driver.version: ChromeDriver
remote stacktrace: Backtrace:
	Ordinal0 [0x00F8E7D3+124883]
	Ordinal0 [0x00F8E7B1+124849]
	GetHandleVerifier [0x011D8688+193832]
	GetHandleVerifier [0x011F3AC5+305509]
	GetHandleVerifier [0x011F021B+291003]
	GetHandleVerifier [0x011EE0AC+282444]
	GetHandleVerifier [0x01214A90+440624]
	GetHandleVerifier [0x012147FC+439964]
	GetHandleVerifier [0x0121154B+426987]
	GetHandleVerifier [0x011F4FFD+310941]
	GetHandleVerifier [0x011F5D8E+314414]
	GetHandleVerifier [0x011F5D19+314297]
	GetHandleVerifier [0x012B31EC+1089676]
	GetHandleVerifier [0x012B17C9+1082985]
	GetHandleVerifier [0x012B13A3+1081923]
	GetHandleVerifier [0x013AD9FD+2115741]
	Ordinal0 [0x010DB82E+1488942]
	Ordinal0 [0x01075A7D+1071741]
	Ordinal0 [0x0107559B+1070491]
	Ordinal0 [0x010754B1+1070257]
	Ordinal0 [0x010AFF53+1310547]
	BaseThreadInitThunk [0x775A6359+25]
	RtlGetAppContainerNamedObjectPath [0x77818944+228]
	RtlGetAppContainerNamedObjectPath [0x77818914+180]

	at Tests.ComputerTest.SetUp(ComputerTest.java:25)
]]></failure>
    <system-err><![CDATA[Starting ChromeDriver 89.0.4389.23 (61b08ee2c50024bab004e48d2b1b083cdbdac579-refs/branch-heads/4389@{#294}) on port 46203
Only local connections are allowed.
Please see https://chromedriver.chromium.org/security-considerations for suggestions on keeping ChromeDriver safe.
ChromeDriver was started successfully.
]]></system-err>
  </testcase>
  <testcase name="AddNewComputer" classname="Tests.ComputerTest" time="0">
    <skipped message="session not created: This version of ChromeDriver only supports Chrome version 89&#10;Current browser version is 88.0.4324.190 with binary path C:\Program Files (x86)\Google\Chrome\Application\chrome.exe&#10;Build info: version: &apos;3.141.59&apos;, revision: &apos;e82be7d358&apos;, time: &apos;2018-11-14T08:17:03&apos;&#10;System info: host: &apos;DESKTOP-GFJUSGU&apos;, ip: &apos;192.168.10.1&apos;, os.name: &apos;Windows 10&apos;, os.arch: &apos;amd64&apos;, os.version: &apos;10.0&apos;, java.version: &apos;1.8.0_251&apos;&#10;Driver info: driver.version: ChromeDriver&#10;remote stacktrace: Backtrace:&#10;	Ordinal0 [0x00F8E7D3+124883]&#10;	Ordinal0 [0x00F8E7B1+124849]&#10;	GetHandleVerifier [0x011D8688+193832]&#10;	GetHandleVerifier [0x011F3AC5+305509]&#10;	GetHandleVerifier [0x011F021B+291003]&#10;	GetHandleVerifier [0x011EE0AC+282444]&#10;	GetHandleVerifier [0x01214A90+440624]&#10;	GetHandleVerifier [0x012147FC+439964]&#10;	GetHandleVerifier [0x0121154B+426987]&#10;	GetHandleVerifier [0x011F4FFD+310941]&#10;	GetHandleVerifier [0x011F5D8E+314414]&#10;	GetHandleVerifier [0x011F5D19+314297]&#10;	GetHandleVerifier [0x012B31EC+1089676]&#10;	GetHandleVerifier [0x012B17C9+1082985]&#10;	GetHandleVerifier [0x012B13A3+1081923]&#10;	GetHandleVerifier [0x013AD9FD+2115741]&#10;	Ordinal0 [0x010DB82E+1488942]&#10;	Ordinal0 [0x01075A7D+1071741]&#10;	Ordinal0 [0x0107559B+1070491]&#10;	Ordinal0 [0x010754B1+1070257]&#10;	Ordinal0 [0x010AFF53+1310547]&#10;	BaseThreadInitThunk [0x775A6359+25]&#10;	RtlGetAppContainerNamedObjectPath [0x77818944+228]&#10;	RtlGetAppContainerNamedObjectPath [0x77818914+180]&#10;"/>
    <system-out><![CDATA[S
]]></system-out>
  </testcase>
  <testcase name="Quit" classname="Tests.ComputerTest" time="0">
    <skipped/>
  </testcase>
</testsuite>